2021-06-10 07:46 [DEBUG]                   Servlet:    60 - Controller starts
2021-06-10 07:46 [TRACE]                   Servlet:    64 - Request parameter: command --> login
2021-06-10 07:46 [DEBUG]          CommandContainer:    84 - Command container was successfully initialized
2021-06-10 07:46 [TRACE]          CommandContainer:    85 - Number of commands --> 33
2021-06-10 07:46 [TRACE]                   Servlet:    68 - Obtained command --> com.sgsavch.controller.сommand.usercommands.LoginCommand@17bc6ac0
2021-06-10 07:50 [DEBUG]                   Servlet:    60 - Controller starts
2021-06-10 07:50 [TRACE]                   Servlet:    64 - Request parameter: command --> login
2021-06-10 07:50 [DEBUG]          CommandContainer:    84 - Command container was successfully initialized
2021-06-10 07:50 [TRACE]          CommandContainer:    85 - Number of commands --> 33
2021-06-10 07:50 [TRACE]                   Servlet:    68 - Obtained command --> com.sgsavch.controller.сommand.usercommands.LoginCommand@56920e90
2021-06-10 08:59 [DEBUG]                   Servlet:    60 - Controller starts
2021-06-10 08:59 [TRACE]                   Servlet:    64 - Request parameter: command --> login
2021-06-10 08:59 [DEBUG]          CommandContainer:    84 - Command container was successfully initialized
2021-06-10 08:59 [TRACE]          CommandContainer:    85 - Number of commands --> 33
2021-06-10 08:59 [TRACE]                   Servlet:    68 - Obtained command --> com.sgsavch.controller.сommand.usercommands.LoginCommand@44b62f00
2021-06-10 09:06 [DEBUG]                   Servlet:    60 - Controller starts
2021-06-10 09:06 [TRACE]                   Servlet:    64 - Request parameter: command --> login
2021-06-10 09:06 [DEBUG]          CommandContainer:    84 - Command container was successfully initialized
2021-06-10 09:06 [TRACE]          CommandContainer:    85 - Number of commands --> 33
2021-06-10 09:06 [TRACE]                   Servlet:    68 - Obtained command --> com.sgsavch.controller.сommand.usercommands.LoginCommand@3cafd9d6
2021-06-10 10:11 [DEBUG]                   Servlet:    60 - Controller starts
2021-06-10 10:11 [TRACE]                   Servlet:    64 - Request parameter: command --> setPeriod
2021-06-10 10:11 [DEBUG]          CommandContainer:    84 - Command container was successfully initialized
2021-06-10 10:11 [TRACE]          CommandContainer:    85 - Number of commands --> 33
2021-06-10 10:11 [TRACE]                   Servlet:    68 - Obtained command --> com.sgsavch.controller.сommand.orderscommands.SetPeriodCommand@20a28238
2021-06-10 10:11 [TRACE]                   Servlet:    72 - Forward address --> /WEB-INF/period.jsp
2021-06-10 10:11 [DEBUG]                   Servlet:    74 - Controller finished, now go to forward address --> /WEB-INF/period.jsp
2021-06-10 10:13 [DEBUG]                   Servlet:    60 - Controller starts
2021-06-10 10:13 [TRACE]                   Servlet:    64 - Request parameter: command --> setPeriod
2021-06-10 10:13 [DEBUG]          CommandContainer:    84 - Command container was successfully initialized
2021-06-10 10:13 [TRACE]          CommandContainer:    85 - Number of commands --> 33
2021-06-10 10:13 [TRACE]                   Servlet:    68 - Obtained command --> com.sgsavch.controller.сommand.orderscommands.SetPeriodCommand@8837ce9
2021-06-10 10:13 [TRACE]                   Servlet:    72 - Forward address --> /WEB-INF/period.jsp
2021-06-10 10:13 [DEBUG]                   Servlet:    74 - Controller finished, now go to forward address --> /WEB-INF/period.jsp
2021-06-10 10:15 [DEBUG]                   Servlet:    60 - Controller starts
2021-06-10 10:15 [TRACE]                   Servlet:    64 - Request parameter: command --> setPeriod
2021-06-10 10:15 [DEBUG]          CommandContainer:    84 - Command container was successfully initialized
2021-06-10 10:15 [TRACE]          CommandContainer:    85 - Number of commands --> 33
2021-06-10 10:15 [TRACE]                   Servlet:    68 - Obtained command --> com.sgsavch.controller.сommand.orderscommands.SetPeriodCommand@652eb77c
2021-06-10 10:15 [TRACE]                   Servlet:    72 - Forward address --> /WEB-INF/period.jsp
2021-06-10 10:15 [DEBUG]                   Servlet:    74 - Controller finished, now go to forward address --> /WEB-INF/period.jsp
2021-06-10 10:29 [DEBUG]                   Servlet:    60 - Controller starts
2021-06-10 10:29 [TRACE]                   Servlet:    64 - Request parameter: command --> setPeriod
2021-06-10 10:29 [TRACE]                   Servlet:    68 - Obtained command --> com.sgsavch.controller.сommand.orderscommands.SetPeriodCommand@652eb77c
2021-06-10 10:29 [TRACE]                   Servlet:    72 - Forward address --> /WEB-INF/period.jsp
2021-06-10 10:29 [DEBUG]                   Servlet:    74 - Controller finished, now go to forward address --> /WEB-INF/period.jsp
2021-06-10 10:35 [DEBUG]                   Servlet:    60 - Controller starts
2021-06-10 10:35 [TRACE]                   Servlet:    64 - Request parameter: command --> setPeriod
2021-06-10 10:35 [DEBUG]          CommandContainer:    84 - Command container was successfully initialized
2021-06-10 10:35 [TRACE]          CommandContainer:    85 - Number of commands --> 33
2021-06-10 10:35 [TRACE]                   Servlet:    68 - Obtained command --> com.sgsavch.controller.сommand.orderscommands.SetPeriodCommand@4ca1795a
2021-06-10 10:35 [TRACE]                   Servlet:    72 - Forward address --> /period.jsp
2021-06-10 10:35 [DEBUG]                   Servlet:    74 - Controller finished, now go to forward address --> /period.jsp
2021-06-10 10:36 [DEBUG]                   Servlet:    60 - Controller starts
2021-06-10 10:36 [TRACE]                   Servlet:    64 - Request parameter: command --> setPeriod
2021-06-10 10:36 [TRACE]                   Servlet:    68 - Obtained command --> com.sgsavch.controller.сommand.orderscommands.SetPeriodCommand@4ca1795a
2021-06-10 10:36 [TRACE]                   Servlet:    72 - Forward address --> /period.jsp
2021-06-10 10:36 [DEBUG]                   Servlet:    74 - Controller finished, now go to forward address --> /period.jsp
2021-06-10 11:14 [DEBUG]                   Servlet:    60 - Controller starts
2021-06-10 11:14 [TRACE]                   Servlet:    64 - Request parameter: command --> index
2021-06-10 11:14 [DEBUG]          CommandContainer:    86 - Command container was successfully initialized
2021-06-10 11:14 [TRACE]          CommandContainer:    87 - Number of commands --> 35
2021-06-10 11:14 [TRACE]                   Servlet:    68 - Obtained command --> com.sgsavch.controller.сommand.StartCommand@7feb364d
2021-06-10 11:14 [TRACE]                   Servlet:    72 - Forward address --> /index.jsp
2021-06-10 11:14 [DEBUG]                   Servlet:    74 - Controller finished, now go to forward address --> /index.jsp
2021-06-10 11:14 [DEBUG]                   Servlet:    60 - Controller starts
2021-06-10 11:14 [TRACE]                   Servlet:    64 - Request parameter: command --> index
2021-06-10 11:14 [TRACE]                   Servlet:    68 - Obtained command --> com.sgsavch.controller.сommand.StartCommand@7feb364d
2021-06-10 11:14 [TRACE]                   Servlet:    72 - Forward address --> /index.jsp
2021-06-10 11:14 [DEBUG]                   Servlet:    74 - Controller finished, now go to forward address --> /index.jsp
2021-06-10 11:14 [DEBUG]                   Servlet:    60 - Controller starts
2021-06-10 11:14 [TRACE]                   Servlet:    64 - Request parameter: command --> setPeriod
2021-06-10 11:14 [TRACE]                   Servlet:    68 - Obtained command --> com.sgsavch.controller.сommand.orderscommands.SetPeriodCommand@68593e6
2021-06-10 11:14 [TRACE]                   Servlet:    72 - Forward address --> /WEB-INF/period.jsp
2021-06-10 11:14 [DEBUG]                   Servlet:    74 - Controller finished, now go to forward address --> /WEB-INF/period.jsp
2021-06-10 11:15 [DEBUG]                   Servlet:    60 - Controller starts
2021-06-10 11:15 [TRACE]                   Servlet:    64 - Request parameter: command --> setVehicle
2021-06-10 11:15 [TRACE]                   Servlet:    68 - Obtained command --> com.sgsavch.controller.сommand.orderscommands.SetVehicleCommand@5cf673ad
2021-06-10 11:16 [DEBUG]                   Servlet:    60 - Controller starts
2021-06-10 11:16 [TRACE]                   Servlet:    64 - Request parameter: command --> setVehicle
2021-06-10 11:16 [TRACE]                   Servlet:    68 - Obtained command --> com.sgsavch.controller.сommand.orderscommands.SetVehicleCommand@5cf673ad
2021-06-10 11:22 [DEBUG]                   Servlet:    60 - Controller starts
2021-06-10 11:22 [TRACE]                   Servlet:    64 - Request parameter: command --> setPeriod
2021-06-10 11:22 [DEBUG]          CommandContainer:    86 - Command container was successfully initialized
2021-06-10 11:22 [TRACE]          CommandContainer:    87 - Number of commands --> 35
2021-06-10 11:22 [TRACE]                   Servlet:    68 - Obtained command --> com.sgsavch.controller.сommand.orderscommands.SetPeriodCommand@72861412
2021-06-10 11:22 [TRACE]                   Servlet:    72 - Forward address --> /WEB-INF/period.jsp
2021-06-10 11:22 [DEBUG]                   Servlet:    74 - Controller finished, now go to forward address --> /WEB-INF/period.jsp
2021-06-10 11:22 [DEBUG]                   Servlet:    60 - Controller starts
2021-06-10 11:22 [TRACE]                   Servlet:    64 - Request parameter: command --> setVehicle
2021-06-10 11:22 [TRACE]                   Servlet:    68 - Obtained command --> com.sgsavch.controller.сommand.orderscommands.SetVehicleCommand@78983ddf
2021-06-10 11:24 [DEBUG]                   Servlet:    60 - Controller starts
2021-06-10 11:24 [TRACE]                   Servlet:    64 - Request parameter: command --> setPeriod
2021-06-10 11:24 [DEBUG]          CommandContainer:    86 - Command container was successfully initialized
2021-06-10 11:24 [TRACE]          CommandContainer:    87 - Number of commands --> 35
2021-06-10 11:24 [TRACE]                   Servlet:    68 - Obtained command --> com.sgsavch.controller.сommand.orderscommands.SetPeriodCommand@8198feb
2021-06-10 11:24 [TRACE]                   Servlet:    72 - Forward address --> /WEB-INF/period.jsp
2021-06-10 11:24 [DEBUG]                   Servlet:    74 - Controller finished, now go to forward address --> /WEB-INF/period.jsp
2021-06-10 11:24 [DEBUG]                   Servlet:    60 - Controller starts
2021-06-10 11:24 [TRACE]                   Servlet:    64 - Request parameter: command --> setPeriod
2021-06-10 11:24 [TRACE]                   Servlet:    68 - Obtained command --> com.sgsavch.controller.сommand.orderscommands.SetPeriodCommand@8198feb
2021-06-10 11:24 [TRACE]                   Servlet:    72 - Forward address --> /WEB-INF/period.jsp
2021-06-10 11:24 [DEBUG]                   Servlet:    74 - Controller finished, now go to forward address --> /WEB-INF/period.jsp
2021-06-10 11:24 [DEBUG]                   Servlet:    60 - Controller starts
2021-06-10 11:24 [TRACE]                   Servlet:    64 - Request parameter: command --> setVehicle
2021-06-10 11:24 [TRACE]                   Servlet:    68 - Obtained command --> com.sgsavch.controller.сommand.orderscommands.SetVehicleCommand@17f3eddc
2021-06-10 11:50 [DEBUG]                   Servlet:    60 - Controller starts
2021-06-10 11:50 [TRACE]                   Servlet:    64 - Request parameter: command --> setPeriod
2021-06-10 11:50 [DEBUG]          CommandContainer:    86 - Command container was successfully initialized
2021-06-10 11:50 [TRACE]          CommandContainer:    87 - Number of commands --> 35
2021-06-10 11:50 [TRACE]                   Servlet:    68 - Obtained command --> com.sgsavch.controller.сommand.orderscommands.SetPeriodCommand@426511e2
2021-06-10 11:50 [TRACE]                   Servlet:    72 - Forward address --> /WEB-INF/period.jsp
2021-06-10 11:50 [DEBUG]                   Servlet:    74 - Controller finished, now go to forward address --> /WEB-INF/period.jsp
2021-06-10 11:51 [DEBUG]                   Servlet:    60 - Controller starts
2021-06-10 11:51 [TRACE]                   Servlet:    64 - Request parameter: command --> setVehicle
2021-06-10 11:51 [TRACE]                   Servlet:    68 - Obtained command --> com.sgsavch.controller.сommand.orderscommands.SetVehicleCommand@2976f55d
2021-06-10 11:51 [TRACE]                   Servlet:    72 - Forward address --> /WEB-INF/vehicles.jsp
2021-06-10 11:51 [DEBUG]                   Servlet:    74 - Controller finished, now go to forward address --> /WEB-INF/vehicles.jsp
2021-06-10 11:51 [DEBUG]                   Servlet:    60 - Controller starts
2021-06-10 11:51 [TRACE]                   Servlet:    64 - Request parameter: command --> vehicles
2021-06-10 11:51 [TRACE]                   Servlet:    68 - Obtained command --> com.sgsavch.controller.сommand.vehiclescommands.VehicleListCommand@650bb5ef
2021-06-10 11:51 [TRACE]                   Servlet:    72 - Forward address --> /WEB-INF/vehicles.jsp
2021-06-10 11:51 [DEBUG]                   Servlet:    74 - Controller finished, now go to forward address --> /WEB-INF/vehicles.jsp
2021-06-10 11:51 [DEBUG]                   Servlet:    60 - Controller starts
2021-06-10 11:51 [TRACE]                   Servlet:    64 - Request parameter: command --> vehicles
2021-06-10 11:51 [TRACE]                   Servlet:    68 - Obtained command --> com.sgsavch.controller.сommand.vehiclescommands.VehicleListCommand@650bb5ef
2021-06-10 11:51 [TRACE]                   Servlet:    72 - Forward address --> /WEB-INF/vehicles.jsp
2021-06-10 11:51 [DEBUG]                   Servlet:    74 - Controller finished, now go to forward address --> /WEB-INF/vehicles.jsp
2021-06-10 11:51 [DEBUG]                   Servlet:    60 - Controller starts
2021-06-10 11:51 [TRACE]                   Servlet:    64 - Request parameter: command --> setPeriod
2021-06-10 11:51 [TRACE]                   Servlet:    68 - Obtained command --> com.sgsavch.controller.сommand.orderscommands.SetPeriodCommand@426511e2
2021-06-10 11:51 [TRACE]                   Servlet:    72 - Forward address --> /WEB-INF/period.jsp
2021-06-10 11:51 [DEBUG]                   Servlet:    74 - Controller finished, now go to forward address --> /WEB-INF/period.jsp
2021-06-10 11:51 [DEBUG]                   Servlet:    60 - Controller starts
2021-06-10 11:51 [TRACE]                   Servlet:    64 - Request parameter: command --> setVehicle
2021-06-10 11:51 [TRACE]                   Servlet:    68 - Obtained command --> com.sgsavch.controller.сommand.orderscommands.SetVehicleCommand@2976f55d
2021-06-10 11:51 [TRACE]                   Servlet:    72 - Forward address --> /WEB-INF/vehicles.jsp
2021-06-10 11:51 [DEBUG]                   Servlet:    74 - Controller finished, now go to forward address --> /WEB-INF/vehicles.jsp
2021-06-10 11:55 [DEBUG]                   Servlet:    60 - Controller starts
2021-06-10 11:55 [TRACE]                   Servlet:    64 - Request parameter: command --> index
2021-06-10 11:55 [TRACE]                   Servlet:    68 - Obtained command --> com.sgsavch.controller.сommand.StartCommand@70abc2a
2021-06-10 11:55 [TRACE]                   Servlet:    72 - Forward address --> /index.jsp
2021-06-10 11:55 [DEBUG]                   Servlet:    74 - Controller finished, now go to forward address --> /index.jsp
2021-06-10 11:55 [DEBUG]                   Servlet:    60 - Controller starts
2021-06-10 11:55 [TRACE]                   Servlet:    64 - Request parameter: command --> vehicles
2021-06-10 11:55 [TRACE]                   Servlet:    68 - Obtained command --> com.sgsavch.controller.сommand.vehiclescommands.VehicleListCommand@650bb5ef
2021-06-10 11:55 [TRACE]                   Servlet:    72 - Forward address --> /WEB-INF/vehicles.jsp
2021-06-10 11:55 [DEBUG]                   Servlet:    74 - Controller finished, now go to forward address --> /WEB-INF/vehicles.jsp
2021-06-10 11:55 [DEBUG]                   Servlet:    60 - Controller starts
2021-06-10 11:55 [TRACE]                   Servlet:    64 - Request parameter: command --> setPeriod
2021-06-10 11:55 [TRACE]                   Servlet:    68 - Obtained command --> com.sgsavch.controller.сommand.orderscommands.SetPeriodCommand@426511e2
2021-06-10 11:55 [TRACE]                   Servlet:    72 - Forward address --> /WEB-INF/period.jsp
2021-06-10 11:55 [DEBUG]                   Servlet:    74 - Controller finished, now go to forward address --> /WEB-INF/period.jsp
2021-06-10 11:55 [DEBUG]                   Servlet:    60 - Controller starts
2021-06-10 11:55 [TRACE]                   Servlet:    64 - Request parameter: command --> vehicles
2021-06-10 11:55 [TRACE]                   Servlet:    68 - Obtained command --> com.sgsavch.controller.сommand.vehiclescommands.VehicleListCommand@650bb5ef
2021-06-10 11:55 [TRACE]                   Servlet:    72 - Forward address --> /WEB-INF/vehicles.jsp
2021-06-10 11:55 [DEBUG]                   Servlet:    74 - Controller finished, now go to forward address --> /WEB-INF/vehicles.jsp
2021-06-10 11:55 [DEBUG]                   Servlet:    60 - Controller starts
2021-06-10 11:55 [TRACE]                   Servlet:    64 - Request parameter: command --> setPeriod
2021-06-10 11:55 [TRACE]                   Servlet:    68 - Obtained command --> com.sgsavch.controller.сommand.orderscommands.SetPeriodCommand@426511e2
2021-06-10 11:55 [TRACE]                   Servlet:    72 - Forward address --> /WEB-INF/period.jsp
2021-06-10 11:55 [DEBUG]                   Servlet:    74 - Controller finished, now go to forward address --> /WEB-INF/period.jsp
2021-06-10 11:55 [DEBUG]                   Servlet:    60 - Controller starts
2021-06-10 11:55 [TRACE]                   Servlet:    64 - Request parameter: command --> vehicles
2021-06-10 11:55 [TRACE]                   Servlet:    68 - Obtained command --> com.sgsavch.controller.сommand.vehiclescommands.VehicleListCommand@650bb5ef
2021-06-10 11:55 [TRACE]                   Servlet:    72 - Forward address --> /WEB-INF/vehicles.jsp
2021-06-10 11:55 [DEBUG]                   Servlet:    74 - Controller finished, now go to forward address --> /WEB-INF/vehicles.jsp
2021-06-10 11:56 [DEBUG]                   Servlet:    60 - Controller starts
2021-06-10 11:56 [TRACE]                   Servlet:    64 - Request parameter: command --> setPeriod
2021-06-10 11:56 [TRACE]                   Servlet:    68 - Obtained command --> com.sgsavch.controller.сommand.orderscommands.SetPeriodCommand@426511e2
2021-06-10 11:56 [TRACE]                   Servlet:    72 - Forward address --> /WEB-INF/period.jsp
2021-06-10 11:56 [DEBUG]                   Servlet:    74 - Controller finished, now go to forward address --> /WEB-INF/period.jsp
2021-06-10 11:56 [DEBUG]                   Servlet:    60 - Controller starts
2021-06-10 11:56 [TRACE]                   Servlet:    64 - Request parameter: command --> vehicles
2021-06-10 11:56 [TRACE]                   Servlet:    68 - Obtained command --> com.sgsavch.controller.сommand.vehiclescommands.VehicleListCommand@650bb5ef
2021-06-10 11:56 [TRACE]                   Servlet:    72 - Forward address --> /WEB-INF/vehicles.jsp
2021-06-10 11:56 [DEBUG]                   Servlet:    74 - Controller finished, now go to forward address --> /WEB-INF/vehicles.jsp
2021-06-10 11:56 [DEBUG]                   Servlet:    60 - Controller starts
2021-06-10 11:56 [TRACE]                   Servlet:    64 - Request parameter: command --> setPeriod
2021-06-10 11:56 [TRACE]                   Servlet:    68 - Obtained command --> com.sgsavch.controller.сommand.orderscommands.SetPeriodCommand@426511e2
2021-06-10 11:56 [TRACE]                   Servlet:    72 - Forward address --> /WEB-INF/period.jsp
2021-06-10 11:56 [DEBUG]                   Servlet:    74 - Controller finished, now go to forward address --> /WEB-INF/period.jsp
2021-06-10 11:56 [DEBUG]                   Servlet:    60 - Controller starts
2021-06-10 11:56 [TRACE]                   Servlet:    64 - Request parameter: command --> vehicles
2021-06-10 11:56 [TRACE]                   Servlet:    68 - Obtained command --> com.sgsavch.controller.сommand.vehiclescommands.VehicleListCommand@650bb5ef
2021-06-10 11:56 [TRACE]                   Servlet:    72 - Forward address --> /WEB-INF/vehicles.jsp
2021-06-10 11:56 [DEBUG]                   Servlet:    74 - Controller finished, now go to forward address --> /WEB-INF/vehicles.jsp
2021-06-10 11:56 [DEBUG]                   Servlet:    60 - Controller starts
2021-06-10 11:56 [TRACE]                   Servlet:    64 - Request parameter: command --> setPeriod
2021-06-10 11:56 [TRACE]                   Servlet:    68 - Obtained command --> com.sgsavch.controller.сommand.orderscommands.SetPeriodCommand@426511e2
2021-06-10 11:56 [TRACE]                   Servlet:    72 - Forward address --> /WEB-INF/period.jsp
2021-06-10 11:56 [DEBUG]                   Servlet:    74 - Controller finished, now go to forward address --> /WEB-INF/period.jsp
2021-06-10 11:56 [DEBUG]                   Servlet:    60 - Controller starts
2021-06-10 11:56 [TRACE]                   Servlet:    64 - Request parameter: command --> vehicles
2021-06-10 11:56 [TRACE]                   Servlet:    68 - Obtained command --> com.sgsavch.controller.сommand.vehiclescommands.VehicleListCommand@650bb5ef
2021-06-10 11:56 [TRACE]                   Servlet:    72 - Forward address --> /WEB-INF/vehicles.jsp
2021-06-10 11:56 [DEBUG]                   Servlet:    74 - Controller finished, now go to forward address --> /WEB-INF/vehicles.jsp
2021-06-10 11:56 [DEBUG]                   Servlet:    60 - Controller starts
2021-06-10 11:56 [TRACE]                   Servlet:    64 - Request parameter: command --> setPeriod
2021-06-10 11:56 [TRACE]                   Servlet:    68 - Obtained command --> com.sgsavch.controller.сommand.orderscommands.SetPeriodCommand@426511e2
2021-06-10 11:56 [TRACE]                   Servlet:    72 - Forward address --> /WEB-INF/period.jsp
2021-06-10 11:56 [DEBUG]                   Servlet:    74 - Controller finished, now go to forward address --> /WEB-INF/period.jsp
2021-06-10 11:56 [DEBUG]                   Servlet:    60 - Controller starts
2021-06-10 11:56 [TRACE]                   Servlet:    64 - Request parameter: command --> setVehicle
2021-06-10 11:56 [TRACE]                   Servlet:    68 - Obtained command --> com.sgsavch.controller.сommand.orderscommands.SetVehicleCommand@2976f55d
2021-06-10 11:56 [TRACE]                   Servlet:    72 - Forward address --> /WEB-INF/vehicles.jsp
2021-06-10 11:56 [DEBUG]                   Servlet:    74 - Controller finished, now go to forward address --> /WEB-INF/vehicles.jsp
2021-06-10 11:56 [DEBUG]                   Servlet:    60 - Controller starts
2021-06-10 11:56 [TRACE]                   Servlet:    64 - Request parameter: command --> setPeriod
2021-06-10 11:56 [TRACE]                   Servlet:    68 - Obtained command --> com.sgsavch.controller.сommand.orderscommands.SetPeriodCommand@426511e2
2021-06-10 11:56 [TRACE]                   Servlet:    72 - Forward address --> /WEB-INF/period.jsp
2021-06-10 11:56 [DEBUG]                   Servlet:    74 - Controller finished, now go to forward address --> /WEB-INF/period.jsp
2021-06-10 11:56 [DEBUG]                   Servlet:    60 - Controller starts
2021-06-10 11:56 [TRACE]                   Servlet:    64 - Request parameter: command --> setVehicle
2021-06-10 11:56 [TRACE]                   Servlet:    68 - Obtained command --> com.sgsavch.controller.сommand.orderscommands.SetVehicleCommand@2976f55d
2021-06-10 11:56 [TRACE]                   Servlet:    72 - Forward address --> /WEB-INF/vehicles.jsp
2021-06-10 11:56 [DEBUG]                   Servlet:    74 - Controller finished, now go to forward address --> /WEB-INF/vehicles.jsp
2021-06-10 11:56 [DEBUG]                   Servlet:    60 - Controller starts
2021-06-10 11:56 [TRACE]                   Servlet:    64 - Request parameter: command --> vehicles
2021-06-10 11:56 [TRACE]                   Servlet:    68 - Obtained command --> com.sgsavch.controller.сommand.vehiclescommands.VehicleListCommand@650bb5ef
2021-06-10 11:56 [TRACE]                   Servlet:    72 - Forward address --> /WEB-INF/vehicles.jsp
2021-06-10 11:56 [DEBUG]                   Servlet:    74 - Controller finished, now go to forward address --> /WEB-INF/vehicles.jsp
2021-06-10 11:57 [DEBUG]                   Servlet:    60 - Controller starts
2021-06-10 11:57 [TRACE]                   Servlet:    64 - Request parameter: command --> vehicles
2021-06-10 11:57 [TRACE]                   Servlet:    68 - Obtained command --> com.sgsavch.controller.сommand.vehiclescommands.VehicleListCommand@650bb5ef
2021-06-10 11:57 [TRACE]                   Servlet:    72 - Forward address --> /WEB-INF/vehicles.jsp
2021-06-10 11:57 [DEBUG]                   Servlet:    74 - Controller finished, now go to forward address --> /WEB-INF/vehicles.jsp
2021-06-10 11:57 [DEBUG]                   Servlet:    60 - Controller starts
2021-06-10 11:57 [TRACE]                   Servlet:    64 - Request parameter: command --> setOptions
2021-06-10 11:57 [TRACE]                   Servlet:    68 - Obtained command --> com.sgsavch.controller.сommand.orderscommands.SetOptionsCommand@18969fb3
2021-06-10 11:57 [TRACE]                   Servlet:    72 - Forward address --> /WEB-INF/options.jsp
2021-06-10 11:57 [DEBUG]                   Servlet:    74 - Controller finished, now go to forward address --> /WEB-INF/options.jsp
2021-06-10 11:57 [DEBUG]                   Servlet:    60 - Controller starts
2021-06-10 11:57 [TRACE]                   Servlet:    64 - Request parameter: command --> saveOrderOptions
2021-06-10 11:57 [TRACE]                   Servlet:    68 - Obtained command --> com.sgsavch.controller.сommand.orderscommands.SaveOrderOptionsCommand@3e718ab1
2021-06-10 11:57 [TRACE]                   Servlet:    72 - Forward address --> /login.jsp
2021-06-10 11:57 [DEBUG]                   Servlet:    74 - Controller finished, now go to forward address --> /login.jsp
2021-06-10 11:58 [DEBUG]                   Servlet:    60 - Controller starts
2021-06-10 11:58 [TRACE]                   Servlet:    64 - Request parameter: command --> login
2021-06-10 11:58 [TRACE]                   Servlet:    68 - Obtained command --> com.sgsavch.controller.сommand.usercommands.LoginCommand@1519b14d
2021-06-10 12:43 [DEBUG]                   Servlet:    60 - Controller starts
2021-06-10 12:43 [TRACE]                   Servlet:    64 - Request parameter: command --> index
2021-06-10 12:43 [TRACE]                   Servlet:    68 - Obtained command --> com.sgsavch.controller.сommand.StartCommand@70abc2a
2021-06-10 12:43 [TRACE]                   Servlet:    72 - Forward address --> /index.jsp
2021-06-10 12:43 [DEBUG]                   Servlet:    74 - Controller finished, now go to forward address --> /index.jsp
2021-06-10 12:47 [DEBUG]                   Servlet:    60 - Controller starts
2021-06-10 12:47 [TRACE]                   Servlet:    64 - Request parameter: command --> index
2021-06-10 12:47 [TRACE]                   Servlet:    68 - Obtained command --> com.sgsavch.controller.сommand.StartCommand@70abc2a
2021-06-10 12:47 [TRACE]                   Servlet:    72 - Forward address --> /index.jsp
2021-06-10 12:47 [DEBUG]                   Servlet:    74 - Controller finished, now go to forward address --> /index.jsp
2021-06-10 12:47 [DEBUG]                   Servlet:    60 - Controller starts
2021-06-10 12:47 [TRACE]                   Servlet:    64 - Request parameter: command --> index
2021-06-10 12:47 [TRACE]                   Servlet:    68 - Obtained command --> com.sgsavch.controller.сommand.StartCommand@70abc2a
2021-06-10 12:47 [TRACE]                   Servlet:    72 - Forward address --> /index.jsp
2021-06-10 12:47 [DEBUG]                   Servlet:    74 - Controller finished, now go to forward address --> /index.jsp
2021-06-10 12:47 [DEBUG]                   Servlet:    60 - Controller starts
2021-06-10 12:47 [TRACE]                   Servlet:    64 - Request parameter: command --> index
2021-06-10 12:47 [TRACE]                   Servlet:    68 - Obtained command --> com.sgsavch.controller.сommand.StartCommand@70abc2a
2021-06-10 12:47 [TRACE]                   Servlet:    72 - Forward address --> /index.jsp
2021-06-10 12:47 [DEBUG]                   Servlet:    74 - Controller finished, now go to forward address --> /index.jsp
2021-06-10 12:55 [DEBUG]                   Servlet:    60 - Controller starts
2021-06-10 12:55 [TRACE]                   Servlet:    64 - Request parameter: command --> index
2021-06-10 12:55 [DEBUG]          CommandContainer:    86 - Command container was successfully initialized
2021-06-10 12:55 [TRACE]          CommandContainer:    87 - Number of commands --> 35
2021-06-10 12:55 [TRACE]                   Servlet:    68 - Obtained command --> com.sgsavch.controller.сommand.StartCommand@6a38dbf5
2021-06-10 12:55 [TRACE]                   Servlet:    72 - Forward address --> /index.jsp
2021-06-10 12:55 [DEBUG]                   Servlet:    74 - Controller finished, now go to forward address --> /index.jsp
2021-06-10 13:36 [DEBUG]                   Servlet:    60 - Controller starts
2021-06-10 13:36 [TRACE]                   Servlet:    64 - Request parameter: command --> setPeriod
2021-06-10 13:36 [DEBUG]          CommandContainer:    86 - Command container was successfully initialized
2021-06-10 13:36 [TRACE]          CommandContainer:    87 - Number of commands --> 35
2021-06-10 13:36 [TRACE]                   Servlet:    68 - Obtained command --> com.sgsavch.controller.сommand.orderscommands.SetPeriodCommand@689ebf25
2021-06-10 13:36 [TRACE]                   Servlet:    72 - Forward address --> /WEB-INF/period.jsp
2021-06-10 13:36 [DEBUG]                   Servlet:    74 - Controller finished, now go to forward address --> /WEB-INF/period.jsp
2021-06-10 13:36 [DEBUG]                   Servlet:    60 - Controller starts
2021-06-10 13:36 [TRACE]                   Servlet:    64 - Request parameter: command --> setVehicle
2021-06-10 13:36 [TRACE]                   Servlet:    68 - Obtained command --> com.sgsavch.controller.сommand.orderscommands.SetVehicleCommand@790ef8b4
2021-06-10 13:36 [TRACE]                   Servlet:    72 - Forward address --> /WEB-INF/vehicles.jsp
2021-06-10 13:36 [DEBUG]                   Servlet:    74 - Controller finished, now go to forward address --> /WEB-INF/vehicles.jsp
2021-06-10 13:36 [DEBUG]                   Servlet:    60 - Controller starts
2021-06-10 13:36 [TRACE]                   Servlet:    64 - Request parameter: command --> vehicles
2021-06-10 13:36 [TRACE]                   Servlet:    68 - Obtained command --> com.sgsavch.controller.сommand.vehiclescommands.VehicleListCommand@188fe003
2021-06-10 13:36 [TRACE]                   Servlet:    72 - Forward address --> /WEB-INF/vehicles.jsp
2021-06-10 13:36 [DEBUG]                   Servlet:    74 - Controller finished, now go to forward address --> /WEB-INF/vehicles.jsp
2021-06-10 13:36 [DEBUG]                   Servlet:    60 - Controller starts
2021-06-10 13:36 [TRACE]                   Servlet:    64 - Request parameter: command --> vehicles
2021-06-10 13:36 [TRACE]                   Servlet:    68 - Obtained command --> com.sgsavch.controller.сommand.vehiclescommands.VehicleListCommand@188fe003
2021-06-10 13:36 [TRACE]                   Servlet:    72 - Forward address --> /WEB-INF/vehicles.jsp
2021-06-10 13:36 [DEBUG]                   Servlet:    74 - Controller finished, now go to forward address --> /WEB-INF/vehicles.jsp
2021-06-10 13:36 [DEBUG]                   Servlet:    60 - Controller starts
2021-06-10 13:36 [TRACE]                   Servlet:    64 - Request parameter: command --> setPeriod
2021-06-10 13:36 [TRACE]                   Servlet:    68 - Obtained command --> com.sgsavch.controller.сommand.orderscommands.SetPeriodCommand@689ebf25
2021-06-10 13:36 [TRACE]                   Servlet:    72 - Forward address --> /WEB-INF/period.jsp
2021-06-10 13:36 [DEBUG]                   Servlet:    74 - Controller finished, now go to forward address --> /WEB-INF/period.jsp
2021-06-10 13:36 [DEBUG]                   Servlet:    60 - Controller starts
2021-06-10 13:36 [TRACE]                   Servlet:    64 - Request parameter: command --> setVehicle
2021-06-10 13:36 [TRACE]                   Servlet:    68 - Obtained command --> com.sgsavch.controller.сommand.orderscommands.SetVehicleCommand@790ef8b4
2021-06-10 13:36 [TRACE]                   Servlet:    72 - Forward address --> /WEB-INF/vehicles.jsp
2021-06-10 13:36 [DEBUG]                   Servlet:    74 - Controller finished, now go to forward address --> /WEB-INF/vehicles.jsp
2021-06-10 13:37 [DEBUG]                   Servlet:    60 - Controller starts
2021-06-10 13:37 [TRACE]                   Servlet:    64 - Request parameter: command --> vehicles
2021-06-10 13:37 [TRACE]                   Servlet:    68 - Obtained command --> com.sgsavch.controller.сommand.vehiclescommands.VehicleListCommand@188fe003
2021-06-10 13:37 [TRACE]                   Servlet:    72 - Forward address --> /WEB-INF/vehicles.jsp
2021-06-10 13:37 [DEBUG]                   Servlet:    74 - Controller finished, now go to forward address --> /WEB-INF/vehicles.jsp
2021-06-10 13:37 [DEBUG]                   Servlet:    60 - Controller starts
2021-06-10 13:37 [TRACE]                   Servlet:    64 - Request parameter: command --> login
2021-06-10 13:37 [TRACE]                   Servlet:    68 - Obtained command --> com.sgsavch.controller.сommand.usercommands.LoginCommand@3869a3e9
2021-06-10 13:37 [TRACE]                   Servlet:    72 - Forward address --> /login.jsp
2021-06-10 13:37 [DEBUG]                   Servlet:    74 - Controller finished, now go to forward address --> /login.jsp
2021-06-10 13:37 [DEBUG]                   Servlet:    60 - Controller starts
2021-06-10 13:37 [TRACE]                   Servlet:    64 - Request parameter: command --> vehicles
2021-06-10 13:37 [TRACE]                   Servlet:    68 - Obtained command --> com.sgsavch.controller.сommand.vehiclescommands.VehicleListCommand@188fe003
2021-06-10 13:37 [TRACE]                   Servlet:    72 - Forward address --> /WEB-INF/vehicles.jsp
2021-06-10 13:37 [DEBUG]                   Servlet:    74 - Controller finished, now go to forward address --> /WEB-INF/vehicles.jsp
2021-06-10 13:43 [DEBUG]                   Servlet:    60 - Controller starts
2021-06-10 13:43 [TRACE]                   Servlet:    64 - Request parameter: command --> login
2021-06-10 13:43 [DEBUG]          CommandContainer:    86 - Command container was successfully initialized
2021-06-10 13:43 [TRACE]          CommandContainer:    87 - Number of commands --> 35
2021-06-10 13:43 [TRACE]                   Servlet:    68 - Obtained command --> com.sgsavch.controller.сommand.usercommands.LoginCommand@3cafd9d6
2021-06-10 13:43 [TRACE]                   Servlet:    72 - Forward address --> /login.jsp
2021-06-10 13:43 [DEBUG]                   Servlet:    74 - Controller finished, now go to forward address --> /login.jsp
2021-06-10 13:43 [DEBUG]                   Servlet:    60 - Controller starts
2021-06-10 13:43 [TRACE]                   Servlet:    64 - Request parameter: command --> vehicles
2021-06-10 13:43 [TRACE]                   Servlet:    68 - Obtained command --> com.sgsavch.controller.сommand.vehiclescommands.VehicleListCommand@2b01d3ae
2021-06-10 13:43 [TRACE]                   Servlet:    72 - Forward address --> /WEB-INF/vehicles.jsp
2021-06-10 13:43 [DEBUG]                   Servlet:    74 - Controller finished, now go to forward address --> /WEB-INF/vehicles.jsp
2021-06-10 13:43 [DEBUG]                   Servlet:    60 - Controller starts
2021-06-10 13:43 [TRACE]                   Servlet:    64 - Request parameter: command --> vehicle_add
2021-06-10 13:43 [TRACE]                   Servlet:    68 - Obtained command --> com.sgsavch.controller.сommand.vehiclescommands.VehicleAddCommand@492db6ae
2021-06-10 13:43 [TRACE]                   Servlet:    72 - Forward address --> /WEB-INF/jsp/admin/vehicleEdit.jsp
2021-06-10 13:43 [DEBUG]                   Servlet:    74 - Controller finished, now go to forward address --> /WEB-INF/jsp/admin/vehicleEdit.jsp
2021-06-10 13:45 [DEBUG]                   Servlet:    60 - Controller starts
2021-06-10 13:45 [TRACE]                   Servlet:    64 - Request parameter: command --> vehicle_save
2021-06-10 13:45 [TRACE]                   Servlet:    68 - Obtained command --> com.sgsavch.controller.сommand.vehiclescommands.VehicleSaveCommand@22b7427d
2021-06-10 13:45 [TRACE]                   Servlet:    72 - Forward address --> /WEB-INF/vehicles.jsp
2021-06-10 13:45 [DEBUG]                   Servlet:    74 - Controller finished, now go to forward address --> /WEB-INF/vehicles.jsp
2021-06-10 13:45 [DEBUG]                   Servlet:    60 - Controller starts
2021-06-10 13:45 [TRACE]                   Servlet:    64 - Request parameter: command --> vehicles
2021-06-10 13:45 [TRACE]                   Servlet:    68 - Obtained command --> com.sgsavch.controller.сommand.vehiclescommands.VehicleListCommand@2b01d3ae
2021-06-10 13:45 [TRACE]                   Servlet:    72 - Forward address --> /WEB-INF/vehicles.jsp
2021-06-10 13:45 [DEBUG]                   Servlet:    74 - Controller finished, now go to forward address --> /WEB-INF/vehicles.jsp
2021-06-10 13:45 [DEBUG]                   Servlet:    60 - Controller starts
2021-06-10 13:45 [TRACE]                   Servlet:    64 - Request parameter: command --> vehicles
2021-06-10 13:45 [TRACE]                   Servlet:    68 - Obtained command --> com.sgsavch.controller.сommand.vehiclescommands.VehicleListCommand@2b01d3ae
2021-06-10 13:45 [TRACE]                   Servlet:    72 - Forward address --> /WEB-INF/vehicles.jsp
2021-06-10 13:45 [DEBUG]                   Servlet:    74 - Controller finished, now go to forward address --> /WEB-INF/vehicles.jsp
2021-06-10 13:45 [DEBUG]                   Servlet:    60 - Controller starts
2021-06-10 13:45 [TRACE]                   Servlet:    64 - Request parameter: command --> vehicles
2021-06-10 13:45 [TRACE]                   Servlet:    68 - Obtained command --> com.sgsavch.controller.сommand.vehiclescommands.VehicleListCommand@2b01d3ae
2021-06-10 13:45 [TRACE]                   Servlet:    72 - Forward address --> /WEB-INF/vehicles.jsp
2021-06-10 13:45 [DEBUG]                   Servlet:    74 - Controller finished, now go to forward address --> /WEB-INF/vehicles.jsp
2021-06-10 13:45 [DEBUG]                   Servlet:    60 - Controller starts
2021-06-10 13:45 [TRACE]                   Servlet:    64 - Request parameter: command --> vehicles
2021-06-10 13:45 [TRACE]                   Servlet:    68 - Obtained command --> com.sgsavch.controller.сommand.vehiclescommands.VehicleListCommand@2b01d3ae
2021-06-10 13:45 [TRACE]                   Servlet:    72 - Forward address --> /WEB-INF/vehicles.jsp
2021-06-10 13:45 [DEBUG]                   Servlet:    74 - Controller finished, now go to forward address --> /WEB-INF/vehicles.jsp
2021-06-10 14:00 [DEBUG]                   Servlet:    60 - Controller starts
2021-06-10 14:00 [TRACE]                   Servlet:    64 - Request parameter: command --> login
2021-06-10 14:00 [DEBUG]          CommandContainer:    86 - Command container was successfully initialized
2021-06-10 14:00 [TRACE]          CommandContainer:    87 - Number of commands --> 35
2021-06-10 14:00 [TRACE]                   Servlet:    68 - Obtained command --> com.sgsavch.controller.сommand.usercommands.LoginCommand@49ee07ce
2021-06-10 14:00 [TRACE]                   Servlet:    72 - Forward address --> /login.jsp
2021-06-10 14:00 [DEBUG]                   Servlet:    74 - Controller finished, now go to forward address --> /login.jsp
2021-06-10 14:00 [DEBUG]                   Servlet:    60 - Controller starts
2021-06-10 14:00 [TRACE]                   Servlet:    64 - Request parameter: command --> vehicles
2021-06-10 14:00 [TRACE]                   Servlet:    68 - Obtained command --> com.sgsavch.controller.сommand.vehiclescommands.VehicleListCommand@6523c66e
2021-06-10 14:00 [TRACE]                   Servlet:    72 - Forward address --> /WEB-INF/vehicles.jsp
2021-06-10 14:00 [DEBUG]                   Servlet:    74 - Controller finished, now go to forward address --> /WEB-INF/vehicles.jsp
2021-06-10 14:00 [DEBUG]                   Servlet:    60 - Controller starts
2021-06-10 14:00 [TRACE]                   Servlet:    64 - Request parameter: command --> vehicle_add
2021-06-10 14:00 [TRACE]                   Servlet:    68 - Obtained command --> com.sgsavch.controller.сommand.vehiclescommands.VehicleAddCommand@351116a7
2021-06-10 14:00 [TRACE]                   Servlet:    72 - Forward address --> /WEB-INF/jsp/admin/vehicleEdit.jsp
2021-06-10 14:00 [DEBUG]                   Servlet:    74 - Controller finished, now go to forward address --> /WEB-INF/jsp/admin/vehicleEdit.jsp
2021-06-10 14:01 [DEBUG]                   Servlet:    60 - Controller starts
2021-06-10 14:01 [TRACE]                   Servlet:    64 - Request parameter: command --> vehicle_save
2021-06-10 14:01 [TRACE]                   Servlet:    68 - Obtained command --> com.sgsavch.controller.сommand.vehiclescommands.VehicleSaveCommand@3b69bd3c
2021-06-10 14:12 [DEBUG]                   Servlet:    60 - Controller starts
2021-06-10 14:12 [TRACE]                   Servlet:    64 - Request parameter: command --> login
2021-06-10 14:12 [DEBUG]          CommandContainer:    86 - Command container was successfully initialized
2021-06-10 14:12 [TRACE]          CommandContainer:    87 - Number of commands --> 35
2021-06-10 14:12 [TRACE]                   Servlet:    68 - Obtained command --> com.sgsavch.controller.сommand.usercommands.LoginCommand@296e4bf9
2021-06-10 14:12 [TRACE]                   Servlet:    72 - Forward address --> /login.jsp
2021-06-10 14:12 [DEBUG]                   Servlet:    74 - Controller finished, now go to forward address --> /login.jsp
2021-06-10 14:12 [DEBUG]                   Servlet:    60 - Controller starts
2021-06-10 14:12 [TRACE]                   Servlet:    64 - Request parameter: command --> vehicles
2021-06-10 14:12 [TRACE]                   Servlet:    68 - Obtained command --> com.sgsavch.controller.сommand.vehiclescommands.VehicleListCommand@5cf673ad
2021-06-10 14:12 [TRACE]                   Servlet:    72 - Forward address --> /WEB-INF/vehicles.jsp
2021-06-10 14:12 [DEBUG]                   Servlet:    74 - Controller finished, now go to forward address --> /WEB-INF/vehicles.jsp
2021-06-10 14:13 [DEBUG]                   Servlet:    60 - Controller starts
2021-06-10 14:13 [TRACE]                   Servlet:    64 - Request parameter: command --> vehicle_add
2021-06-10 14:13 [TRACE]                   Servlet:    68 - Obtained command --> com.sgsavch.controller.сommand.vehiclescommands.VehicleAddCommand@17e1656f
2021-06-10 14:13 [TRACE]                   Servlet:    72 - Forward address --> /WEB-INF/jsp/admin/vehicleEdit.jsp
2021-06-10 14:13 [DEBUG]                   Servlet:    74 - Controller finished, now go to forward address --> /WEB-INF/jsp/admin/vehicleEdit.jsp
2021-06-10 14:13 [DEBUG]                   Servlet:    60 - Controller starts
2021-06-10 14:13 [TRACE]                   Servlet:    64 - Request parameter: command --> vehicle_save
2021-06-10 14:13 [TRACE]                   Servlet:    68 - Obtained command --> com.sgsavch.controller.сommand.vehiclescommands.VehicleSaveCommand@306313bb
2021-06-10 14:13 [ WARN]            JDBCVehicleDao:    53 - java.sql.SQLException: Parameter index out of range (8 > number of parameters, which is 7).
java.sql.SQLException: Parameter index out of range (8 > number of parameters, which is 7).
	at com.mysql.cj.jdbc.exceptions.SQLError.createSQLException(SQLError.java:129)
	at com.mysql.cj.jdbc.exceptions.SQLError.createSQLException(SQLError.java:97)
	at com.mysql.cj.jdbc.exceptions.SQLError.createSQLException(SQLError.java:89)
	at com.mysql.cj.jdbc.exceptions.SQLError.createSQLException(SQLError.java:63)
	at com.mysql.cj.jdbc.ClientPreparedStatement.checkBounds(ClientPreparedStatement.java:1373)
	at com.mysql.cj.jdbc.ClientPreparedStatement.getCoreParameterIndex(ClientPreparedStatement.java:1386)
	at com.mysql.cj.jdbc.ClientPreparedStatement.setBoolean(ClientPreparedStatement.java:1468)
	at org.apache.commons.dbcp.DelegatingPreparedStatement.setBoolean(DelegatingPreparedStatement.java:111)
	at org.apache.commons.dbcp.DelegatingPreparedStatement.setBoolean(DelegatingPreparedStatement.java:111)
	at com.sgsavch.model.dao.impl.JDBCVehicleDao.create(JDBCVehicleDao.java:42)
	at com.sgsavch.model.dao.impl.JDBCVehicleDao.create(JDBCVehicleDao.java:18)
	at com.sgsavch.model.service.VehicleService.addVehicle(VehicleService.java:48)
	at com.sgsavch.controller.сommand.vehiclescommands.VehicleSaveCommand.execute(VehicleSaveCommand.java:54)
	at com.sgsavch.controller.Servlet.processRequest(Servlet.java:71)
	at com.sgsavch.controller.Servlet.doPost(Servlet.java:47)
	at javax.servlet.http.HttpServlet.service(HttpServlet.java:652)
	at javax.servlet.http.HttpServlet.service(HttpServlet.java:733)
	at org.apache.catalina.core.ApplicationFilterChain.internalDoFilter(ApplicationFilterChain.java:227)
	at org.apache.catalina.core.ApplicationFilterChain.doFilter(ApplicationFilterChain.java:162)
	at com.sgsavch.controller.filters.CommandAccessFilter.doFilter(CommandAccessFilter.java:44)
	at org.apache.catalina.core.ApplicationFilterChain.internalDoFilter(ApplicationFilterChain.java:189)
	at org.apache.catalina.core.ApplicationFilterChain.doFilter(ApplicationFilterChain.java:162)
	at org.apache.tomcat.websocket.server.WsFilter.doFilter(WsFilter.java:53)
	at org.apache.catalina.core.ApplicationFilterChain.internalDoFilter(ApplicationFilterChain.java:189)
	at org.apache.catalina.core.ApplicationFilterChain.doFilter(ApplicationFilterChain.java:162)
	at com.sgsavch.controller.filters.SessionStartFilter.doFilter(SessionStartFilter.java:24)
	at org.apache.catalina.core.ApplicationFilterChain.internalDoFilter(ApplicationFilterChain.java:189)
	at org.apache.catalina.core.ApplicationFilterChain.doFilter(ApplicationFilterChain.java:162)
	at com.sgsavch.controller.filters.SessionLocaleFilter.doFilter(SessionLocaleFilter.java:27)
	at org.apache.catalina.core.ApplicationFilterChain.internalDoFilter(ApplicationFilterChain.java:189)
	at org.apache.catalina.core.ApplicationFilterChain.doFilter(ApplicationFilterChain.java:162)
	at com.sgsavch.controller.filters.AuthFilter.doFilter(AuthFilter.java:38)
	at org.apache.catalina.core.ApplicationFilterChain.internalDoFilter(ApplicationFilterChain.java:189)
	at org.apache.catalina.core.ApplicationFilterChain.doFilter(ApplicationFilterChain.java:162)
	at com.sgsavch.controller.filters.EncodingFilter.doFilter(EncodingFilter.java:22)
	at org.apache.catalina.core.ApplicationFilterChain.internalDoFilter(ApplicationFilterChain.java:189)
	at org.apache.catalina.core.ApplicationFilterChain.doFilter(ApplicationFilterChain.java:162)
	at org.apache.catalina.core.StandardWrapperValve.invoke(StandardWrapperValve.java:202)
	at org.apache.catalina.core.StandardContextValve.invoke(StandardContextValve.java:97)
	at org.apache.catalina.authenticator.AuthenticatorBase.invoke(AuthenticatorBase.java:542)
	at org.apache.catalina.core.StandardHostValve.invoke(StandardHostValve.java:143)
	at org.apache.catalina.valves.ErrorReportValve.invoke(ErrorReportValve.java:92)
	at org.apache.catalina.valves.AbstractAccessLogValve.invoke(AbstractAccessLogValve.java:687)
	at org.apache.catalina.core.StandardEngineValve.invoke(StandardEngineValve.java:78)
	at org.apache.catalina.connector.CoyoteAdapter.service(CoyoteAdapter.java:357)
	at org.apache.coyote.http11.Http11Processor.service(Http11Processor.java:374)
	at org.apache.coyote.AbstractProcessorLight.process(AbstractProcessorLight.java:65)
	at org.apache.coyote.AbstractProtocol$ConnectionHandler.process(AbstractProtocol.java:893)
	at org.apache.tomcat.util.net.NioEndpoint$SocketProcessor.doRun(NioEndpoint.java:1707)
	at org.apache.tomcat.util.net.SocketProcessorBase.run(SocketProcessorBase.java:49)
	at java.util.concurrent.ThreadPoolExecutor.runWorker(ThreadPoolExecutor.java:1149)
	at java.util.concurrent.ThreadPoolExecutor$Worker.run(ThreadPoolExecutor.java:624)
	at org.apache.tomcat.util.threads.TaskThread$WrappingRunnable.run(TaskThread.java:61)
	at java.lang.Thread.run(Thread.java:748)
2021-06-10 14:13 [DEBUG]            JDBCVehicleDao:    54 - Cannot insert vehicle 
java.sql.SQLException: Parameter index out of range (8 > number of parameters, which is 7).
	at com.mysql.cj.jdbc.exceptions.SQLError.createSQLException(SQLError.java:129)
	at com.mysql.cj.jdbc.exceptions.SQLError.createSQLException(SQLError.java:97)
	at com.mysql.cj.jdbc.exceptions.SQLError.createSQLException(SQLError.java:89)
	at com.mysql.cj.jdbc.exceptions.SQLError.createSQLException(SQLError.java:63)
	at com.mysql.cj.jdbc.ClientPreparedStatement.checkBounds(ClientPreparedStatement.java:1373)
	at com.mysql.cj.jdbc.ClientPreparedStatement.getCoreParameterIndex(ClientPreparedStatement.java:1386)
	at com.mysql.cj.jdbc.ClientPreparedStatement.setBoolean(ClientPreparedStatement.java:1468)
	at org.apache.commons.dbcp.DelegatingPreparedStatement.setBoolean(DelegatingPreparedStatement.java:111)
	at org.apache.commons.dbcp.DelegatingPreparedStatement.setBoolean(DelegatingPreparedStatement.java:111)
	at com.sgsavch.model.dao.impl.JDBCVehicleDao.create(JDBCVehicleDao.java:42)
	at com.sgsavch.model.dao.impl.JDBCVehicleDao.create(JDBCVehicleDao.java:18)
	at com.sgsavch.model.service.VehicleService.addVehicle(VehicleService.java:48)
	at com.sgsavch.controller.сommand.vehiclescommands.VehicleSaveCommand.execute(VehicleSaveCommand.java:54)
	at com.sgsavch.controller.Servlet.processRequest(Servlet.java:71)
	at com.sgsavch.controller.Servlet.doPost(Servlet.java:47)
	at javax.servlet.http.HttpServlet.service(HttpServlet.java:652)
	at javax.servlet.http.HttpServlet.service(HttpServlet.java:733)
	at org.apache.catalina.core.ApplicationFilterChain.internalDoFilter(ApplicationFilterChain.java:227)
	at org.apache.catalina.core.ApplicationFilterChain.doFilter(ApplicationFilterChain.java:162)
	at com.sgsavch.controller.filters.CommandAccessFilter.doFilter(CommandAccessFilter.java:44)
	at org.apache.catalina.core.ApplicationFilterChain.internalDoFilter(ApplicationFilterChain.java:189)
	at org.apache.catalina.core.ApplicationFilterChain.doFilter(ApplicationFilterChain.java:162)
	at org.apache.tomcat.websocket.server.WsFilter.doFilter(WsFilter.java:53)
	at org.apache.catalina.core.ApplicationFilterChain.internalDoFilter(ApplicationFilterChain.java:189)
	at org.apache.catalina.core.ApplicationFilterChain.doFilter(ApplicationFilterChain.java:162)
	at com.sgsavch.controller.filters.SessionStartFilter.doFilter(SessionStartFilter.java:24)
	at org.apache.catalina.core.ApplicationFilterChain.internalDoFilter(ApplicationFilterChain.java:189)
	at org.apache.catalina.core.ApplicationFilterChain.doFilter(ApplicationFilterChain.java:162)
	at com.sgsavch.controller.filters.SessionLocaleFilter.doFilter(SessionLocaleFilter.java:27)
	at org.apache.catalina.core.ApplicationFilterChain.internalDoFilter(ApplicationFilterChain.java:189)
	at org.apache.catalina.core.ApplicationFilterChain.doFilter(ApplicationFilterChain.java:162)
	at com.sgsavch.controller.filters.AuthFilter.doFilter(AuthFilter.java:38)
	at org.apache.catalina.core.ApplicationFilterChain.internalDoFilter(ApplicationFilterChain.java:189)
	at org.apache.catalina.core.ApplicationFilterChain.doFilter(ApplicationFilterChain.java:162)
	at com.sgsavch.controller.filters.EncodingFilter.doFilter(EncodingFilter.java:22)
	at org.apache.catalina.core.ApplicationFilterChain.internalDoFilter(ApplicationFilterChain.java:189)
	at org.apache.catalina.core.ApplicationFilterChain.doFilter(ApplicationFilterChain.java:162)
	at org.apache.catalina.core.StandardWrapperValve.invoke(StandardWrapperValve.java:202)
	at org.apache.catalina.core.StandardContextValve.invoke(StandardContextValve.java:97)
	at org.apache.catalina.authenticator.AuthenticatorBase.invoke(AuthenticatorBase.java:542)
	at org.apache.catalina.core.StandardHostValve.invoke(StandardHostValve.java:143)
	at org.apache.catalina.valves.ErrorReportValve.invoke(ErrorReportValve.java:92)
	at org.apache.catalina.valves.AbstractAccessLogValve.invoke(AbstractAccessLogValve.java:687)
	at org.apache.catalina.core.StandardEngineValve.invoke(StandardEngineValve.java:78)
	at org.apache.catalina.connector.CoyoteAdapter.service(CoyoteAdapter.java:357)
	at org.apache.coyote.http11.Http11Processor.service(Http11Processor.java:374)
	at org.apache.coyote.AbstractProcessorLight.process(AbstractProcessorLight.java:65)
	at org.apache.coyote.AbstractProtocol$ConnectionHandler.process(AbstractProtocol.java:893)
	at org.apache.tomcat.util.net.NioEndpoint$SocketProcessor.doRun(NioEndpoint.java:1707)
	at org.apache.tomcat.util.net.SocketProcessorBase.run(SocketProcessorBase.java:49)
	at java.util.concurrent.ThreadPoolExecutor.runWorker(ThreadPoolExecutor.java:1149)
	at java.util.concurrent.ThreadPoolExecutor$Worker.run(ThreadPoolExecutor.java:624)
	at org.apache.tomcat.util.threads.TaskThread$WrappingRunnable.run(TaskThread.java:61)
	at java.lang.Thread.run(Thread.java:748)
2021-06-10 14:13 [TRACE]                   Servlet:    72 - Forward address --> /WEB-INF/vehicles.jsp
2021-06-10 14:13 [DEBUG]                   Servlet:    74 - Controller finished, now go to forward address --> /WEB-INF/vehicles.jsp
2021-06-10 14:14 [DEBUG]                   Servlet:    60 - Controller starts
2021-06-10 14:14 [TRACE]                   Servlet:    64 - Request parameter: command --> vehicles
2021-06-10 14:14 [TRACE]                   Servlet:    68 - Obtained command --> com.sgsavch.controller.сommand.vehiclescommands.VehicleListCommand@5cf673ad
2021-06-10 14:14 [TRACE]                   Servlet:    72 - Forward address --> /WEB-INF/vehicles.jsp
2021-06-10 14:14 [DEBUG]                   Servlet:    74 - Controller finished, now go to forward address --> /WEB-INF/vehicles.jsp
2021-06-10 14:14 [DEBUG]                   Servlet:    60 - Controller starts
2021-06-10 14:14 [TRACE]                   Servlet:    64 - Request parameter: command --> vehicles
2021-06-10 14:14 [TRACE]                   Servlet:    68 - Obtained command --> com.sgsavch.controller.сommand.vehiclescommands.VehicleListCommand@5cf673ad
2021-06-10 14:14 [TRACE]                   Servlet:    72 - Forward address --> /WEB-INF/vehicles.jsp
2021-06-10 14:14 [DEBUG]                   Servlet:    74 - Controller finished, now go to forward address --> /WEB-INF/vehicles.jsp
2021-06-10 14:17 [DEBUG]                   Servlet:    60 - Controller starts
2021-06-10 14:17 [TRACE]                   Servlet:    64 - Request parameter: command --> login
2021-06-10 14:17 [DEBUG]          CommandContainer:    86 - Command container was successfully initialized
2021-06-10 14:17 [TRACE]          CommandContainer:    87 - Number of commands --> 35
2021-06-10 14:17 [TRACE]                   Servlet:    68 - Obtained command --> com.sgsavch.controller.сommand.usercommands.LoginCommand@415ad1c5
2021-06-10 14:17 [TRACE]                   Servlet:    72 - Forward address --> /login.jsp
2021-06-10 14:17 [DEBUG]                   Servlet:    74 - Controller finished, now go to forward address --> /login.jsp
2021-06-10 14:17 [DEBUG]                   Servlet:    60 - Controller starts
2021-06-10 14:17 [TRACE]                   Servlet:    64 - Request parameter: command --> vehicles
2021-06-10 14:17 [TRACE]                   Servlet:    68 - Obtained command --> com.sgsavch.controller.сommand.vehiclescommands.VehicleListCommand@492db6ae
2021-06-10 14:17 [TRACE]                   Servlet:    72 - Forward address --> /WEB-INF/vehicles.jsp
2021-06-10 14:17 [DEBUG]                   Servlet:    74 - Controller finished, now go to forward address --> /WEB-INF/vehicles.jsp
2021-06-10 14:17 [DEBUG]                   Servlet:    60 - Controller starts
2021-06-10 14:17 [TRACE]                   Servlet:    64 - Request parameter: command --> vehicle_add
2021-06-10 14:17 [TRACE]                   Servlet:    68 - Obtained command --> com.sgsavch.controller.сommand.vehiclescommands.VehicleAddCommand@226d8ac0
2021-06-10 14:17 [TRACE]                   Servlet:    72 - Forward address --> /WEB-INF/jsp/admin/vehicleEdit.jsp
2021-06-10 14:17 [DEBUG]                   Servlet:    74 - Controller finished, now go to forward address --> /WEB-INF/jsp/admin/vehicleEdit.jsp
2021-06-10 14:17 [DEBUG]                   Servlet:    60 - Controller starts
2021-06-10 14:17 [TRACE]                   Servlet:    64 - Request parameter: command --> vehicle_save
2021-06-10 14:17 [TRACE]                   Servlet:    68 - Obtained command --> com.sgsavch.controller.сommand.vehiclescommands.VehicleSaveCommand@2749d8f
2021-06-10 14:17 [TRACE]                   Servlet:    72 - Forward address --> /WEB-INF/vehicles.jsp
2021-06-10 14:17 [DEBUG]                   Servlet:    74 - Controller finished, now go to forward address --> /WEB-INF/vehicles.jsp
2021-06-10 14:17 [DEBUG]                   Servlet:    60 - Controller starts
2021-06-10 14:17 [TRACE]                   Servlet:    64 - Request parameter: command --> vehicles
2021-06-10 14:17 [TRACE]                   Servlet:    68 - Obtained command --> com.sgsavch.controller.сommand.vehiclescommands.VehicleListCommand@492db6ae
2021-06-10 14:17 [TRACE]                   Servlet:    72 - Forward address --> /WEB-INF/vehicles.jsp
2021-06-10 14:17 [DEBUG]                   Servlet:    74 - Controller finished, now go to forward address --> /WEB-INF/vehicles.jsp
2021-06-10 14:18 [DEBUG]                   Servlet:    60 - Controller starts
2021-06-10 14:18 [TRACE]                   Servlet:    64 - Request parameter: command --> vehicles
2021-06-10 14:18 [TRACE]                   Servlet:    68 - Obtained command --> com.sgsavch.controller.сommand.vehiclescommands.VehicleListCommand@492db6ae
2021-06-10 14:18 [TRACE]                   Servlet:    72 - Forward address --> /WEB-INF/vehicles.jsp
2021-06-10 14:18 [DEBUG]                   Servlet:    74 - Controller finished, now go to forward address --> /WEB-INF/vehicles.jsp
2021-06-10 14:18 [DEBUG]                   Servlet:    60 - Controller starts
2021-06-10 14:18 [TRACE]                   Servlet:    64 - Request parameter: command --> vehicles
2021-06-10 14:18 [TRACE]                   Servlet:    68 - Obtained command --> com.sgsavch.controller.сommand.vehiclescommands.VehicleListCommand@492db6ae
2021-06-10 14:18 [TRACE]                   Servlet:    72 - Forward address --> /WEB-INF/vehicles.jsp
2021-06-10 14:18 [DEBUG]                   Servlet:    74 - Controller finished, now go to forward address --> /WEB-INF/vehicles.jsp
2021-06-10 14:18 [DEBUG]                   Servlet:    60 - Controller starts
2021-06-10 14:18 [TRACE]                   Servlet:    64 - Request parameter: command --> vehicle_edit
2021-06-10 14:18 [TRACE]                   Servlet:    68 - Obtained command --> com.sgsavch.controller.сommand.vehiclescommands.VehicleEditCommand@5a4ff083
2021-06-10 14:18 [TRACE]                   Servlet:    72 - Forward address --> /WEB-INF/jsp/admin/vehicleEdit.jsp
2021-06-10 14:18 [DEBUG]                   Servlet:    74 - Controller finished, now go to forward address --> /WEB-INF/jsp/admin/vehicleEdit.jsp
2021-06-10 14:18 [DEBUG]                   Servlet:    60 - Controller starts
2021-06-10 14:18 [TRACE]                   Servlet:    64 - Request parameter: command --> vehicle_save
2021-06-10 14:18 [TRACE]                   Servlet:    68 - Obtained command --> com.sgsavch.controller.сommand.vehiclescommands.VehicleSaveCommand@2749d8f
2021-06-10 14:18 [TRACE]                   Servlet:    72 - Forward address --> /WEB-INF/vehicles.jsp
2021-06-10 14:18 [DEBUG]                   Servlet:    74 - Controller finished, now go to forward address --> /WEB-INF/vehicles.jsp
2021-06-10 14:18 [DEBUG]                   Servlet:    60 - Controller starts
2021-06-10 14:18 [TRACE]                   Servlet:    64 - Request parameter: command --> vehicles
2021-06-10 14:18 [TRACE]                   Servlet:    68 - Obtained command --> com.sgsavch.controller.сommand.vehiclescommands.VehicleListCommand@492db6ae
2021-06-10 14:18 [TRACE]                   Servlet:    72 - Forward address --> /WEB-INF/vehicles.jsp
2021-06-10 14:18 [DEBUG]                   Servlet:    74 - Controller finished, now go to forward address --> /WEB-INF/vehicles.jsp
2021-06-10 14:18 [DEBUG]                   Servlet:    60 - Controller starts
2021-06-10 14:18 [TRACE]                   Servlet:    64 - Request parameter: command --> vehicle_edit
2021-06-10 14:18 [TRACE]                   Servlet:    68 - Obtained command --> com.sgsavch.controller.сommand.vehiclescommands.VehicleEditCommand@5a4ff083
2021-06-10 14:18 [TRACE]                   Servlet:    72 - Forward address --> /WEB-INF/jsp/admin/vehicleEdit.jsp
2021-06-10 14:18 [DEBUG]                   Servlet:    74 - Controller finished, now go to forward address --> /WEB-INF/jsp/admin/vehicleEdit.jsp
2021-06-10 14:22 [DEBUG]                   Servlet:    60 - Controller starts
2021-06-10 14:22 [TRACE]                   Servlet:    64 - Request parameter: command --> login
2021-06-10 14:22 [DEBUG]          CommandContainer:    86 - Command container was successfully initialized
2021-06-10 14:22 [TRACE]          CommandContainer:    87 - Number of commands --> 35
2021-06-10 14:22 [TRACE]                   Servlet:    68 - Obtained command --> com.sgsavch.controller.сommand.usercommands.LoginCommand@111ccdd8
2021-06-10 14:22 [TRACE]                   Servlet:    72 - Forward address --> /login.jsp
2021-06-10 14:22 [DEBUG]                   Servlet:    74 - Controller finished, now go to forward address --> /login.jsp
2021-06-10 14:22 [DEBUG]                   Servlet:    60 - Controller starts
2021-06-10 14:22 [TRACE]                   Servlet:    64 - Request parameter: command --> vehicles
2021-06-10 14:22 [TRACE]                   Servlet:    68 - Obtained command --> com.sgsavch.controller.сommand.vehiclescommands.VehicleListCommand@17e1656f
2021-06-10 14:22 [TRACE]                   Servlet:    72 - Forward address --> /WEB-INF/vehicles.jsp
2021-06-10 14:22 [DEBUG]                   Servlet:    74 - Controller finished, now go to forward address --> /WEB-INF/vehicles.jsp
2021-06-10 14:22 [DEBUG]                   Servlet:    60 - Controller starts
2021-06-10 14:22 [TRACE]                   Servlet:    64 - Request parameter: command --> vehicles
2021-06-10 14:22 [TRACE]                   Servlet:    68 - Obtained command --> com.sgsavch.controller.сommand.vehiclescommands.VehicleListCommand@17e1656f
2021-06-10 14:22 [TRACE]                   Servlet:    72 - Forward address --> /WEB-INF/vehicles.jsp
2021-06-10 14:22 [DEBUG]                   Servlet:    74 - Controller finished, now go to forward address --> /WEB-INF/vehicles.jsp
2021-06-10 14:22 [DEBUG]                   Servlet:    60 - Controller starts
2021-06-10 14:22 [TRACE]                   Servlet:    64 - Request parameter: command --> vehicle_edit
2021-06-10 14:22 [TRACE]                   Servlet:    68 - Obtained command --> com.sgsavch.controller.сommand.vehiclescommands.VehicleEditCommand@3a9b78cb
2021-06-10 14:22 [TRACE]                   Servlet:    72 - Forward address --> /WEB-INF/jsp/admin/vehicleEdit.jsp
2021-06-10 14:22 [DEBUG]                   Servlet:    74 - Controller finished, now go to forward address --> /WEB-INF/jsp/admin/vehicleEdit.jsp
2021-06-10 14:23 [DEBUG]                   Servlet:    60 - Controller starts
2021-06-10 14:23 [TRACE]                   Servlet:    64 - Request parameter: command --> vehicle_save
2021-06-10 14:23 [TRACE]                   Servlet:    68 - Obtained command --> com.sgsavch.controller.сommand.vehiclescommands.VehicleSaveCommand@19e7fe5b
2021-06-10 14:23 [TRACE]                   Servlet:    72 - Forward address --> /WEB-INF/vehicles.jsp
2021-06-10 14:23 [DEBUG]                   Servlet:    74 - Controller finished, now go to forward address --> /WEB-INF/vehicles.jsp
2021-06-10 14:23 [DEBUG]                   Servlet:    60 - Controller starts
2021-06-10 14:23 [TRACE]                   Servlet:    64 - Request parameter: command --> vehicles
2021-06-10 14:23 [TRACE]                   Servlet:    68 - Obtained command --> com.sgsavch.controller.сommand.vehiclescommands.VehicleListCommand@17e1656f
2021-06-10 14:23 [TRACE]                   Servlet:    72 - Forward address --> /WEB-INF/vehicles.jsp
2021-06-10 14:23 [DEBUG]                   Servlet:    74 - Controller finished, now go to forward address --> /WEB-INF/vehicles.jsp
2021-06-10 14:30 [DEBUG]                   Servlet:    60 - Controller starts
2021-06-10 14:30 [TRACE]                   Servlet:    64 - Request parameter: command --> vehicles
2021-06-10 14:30 [DEBUG]          CommandContainer:    86 - Command container was successfully initialized
2021-06-10 14:30 [TRACE]          CommandContainer:    87 - Number of commands --> 35
2021-06-10 14:30 [TRACE]                   Servlet:    68 - Obtained command --> com.sgsavch.controller.сommand.vehiclescommands.VehicleListCommand@3d1137aa
2021-06-10 14:30 [TRACE]                   Servlet:    72 - Forward address --> /WEB-INF/vehicles.jsp
2021-06-10 14:30 [DEBUG]                   Servlet:    74 - Controller finished, now go to forward address --> /WEB-INF/vehicles.jsp
2021-06-10 14:30 [DEBUG]                   Servlet:    60 - Controller starts
2021-06-10 14:30 [TRACE]                   Servlet:    64 - Request parameter: command --> vehicles
2021-06-10 14:30 [TRACE]                   Servlet:    68 - Obtained command --> com.sgsavch.controller.сommand.vehiclescommands.VehicleListCommand@3d1137aa
2021-06-10 14:30 [TRACE]                   Servlet:    72 - Forward address --> /WEB-INF/vehicles.jsp
2021-06-10 14:30 [DEBUG]                   Servlet:    74 - Controller finished, now go to forward address --> /WEB-INF/vehicles.jsp
2021-06-10 14:30 [DEBUG]                   Servlet:    60 - Controller starts
2021-06-10 14:30 [TRACE]                   Servlet:    64 - Request parameter: command --> vehicles
2021-06-10 14:30 [TRACE]                   Servlet:    68 - Obtained command --> com.sgsavch.controller.сommand.vehiclescommands.VehicleListCommand@3d1137aa
2021-06-10 14:30 [TRACE]                   Servlet:    72 - Forward address --> /WEB-INF/vehicles.jsp
2021-06-10 14:30 [DEBUG]                   Servlet:    74 - Controller finished, now go to forward address --> /WEB-INF/vehicles.jsp
2021-06-10 14:31 [DEBUG]                   Servlet:    60 - Controller starts
2021-06-10 14:31 [TRACE]                   Servlet:    64 - Request parameter: command --> vehicles
2021-06-10 14:31 [TRACE]                   Servlet:    68 - Obtained command --> com.sgsavch.controller.сommand.vehiclescommands.VehicleListCommand@3d1137aa
2021-06-10 14:31 [TRACE]                   Servlet:    72 - Forward address --> /WEB-INF/vehicles.jsp
2021-06-10 14:31 [DEBUG]                   Servlet:    74 - Controller finished, now go to forward address --> /WEB-INF/vehicles.jsp
2021-06-10 14:31 [DEBUG]                   Servlet:    60 - Controller starts
2021-06-10 14:31 [TRACE]                   Servlet:    64 - Request parameter: command --> vehicles
2021-06-10 14:31 [TRACE]                   Servlet:    68 - Obtained command --> com.sgsavch.controller.сommand.vehiclescommands.VehicleListCommand@3d1137aa
2021-06-10 14:31 [TRACE]                   Servlet:    72 - Forward address --> /WEB-INF/vehicles.jsp
2021-06-10 14:31 [DEBUG]                   Servlet:    74 - Controller finished, now go to forward address --> /WEB-INF/vehicles.jsp
2021-06-10 14:31 [DEBUG]                   Servlet:    60 - Controller starts
2021-06-10 14:31 [TRACE]                   Servlet:    64 - Request parameter: command --> vehicles
2021-06-10 14:31 [TRACE]                   Servlet:    68 - Obtained command --> com.sgsavch.controller.сommand.vehiclescommands.VehicleListCommand@3d1137aa
2021-06-10 14:31 [TRACE]                   Servlet:    72 - Forward address --> /WEB-INF/vehicles.jsp
2021-06-10 14:31 [DEBUG]                   Servlet:    74 - Controller finished, now go to forward address --> /WEB-INF/vehicles.jsp
2021-06-10 14:31 [DEBUG]                   Servlet:    60 - Controller starts
2021-06-10 14:31 [TRACE]                   Servlet:    64 - Request parameter: command --> setPeriod
2021-06-10 14:31 [TRACE]                   Servlet:    68 - Obtained command --> com.sgsavch.controller.сommand.orderscommands.SetPeriodCommand@7fe261c
2021-06-10 14:31 [TRACE]                   Servlet:    72 - Forward address --> /WEB-INF/period.jsp
2021-06-10 14:31 [DEBUG]                   Servlet:    74 - Controller finished, now go to forward address --> /WEB-INF/period.jsp
2021-06-10 14:31 [DEBUG]                   Servlet:    60 - Controller starts
2021-06-10 14:31 [TRACE]                   Servlet:    64 - Request parameter: command --> setVehicle
2021-06-10 14:31 [TRACE]                   Servlet:    68 - Obtained command --> com.sgsavch.controller.сommand.orderscommands.SetVehicleCommand@768a5ca0
2021-06-10 14:31 [TRACE]                   Servlet:    72 - Forward address --> /WEB-INF/vehicles.jsp
2021-06-10 14:31 [DEBUG]                   Servlet:    74 - Controller finished, now go to forward address --> /WEB-INF/vehicles.jsp
2021-06-10 14:31 [DEBUG]                   Servlet:    60 - Controller starts
2021-06-10 14:31 [TRACE]                   Servlet:    64 - Request parameter: command --> vehicles
2021-06-10 14:31 [TRACE]                   Servlet:    68 - Obtained command --> com.sgsavch.controller.сommand.vehiclescommands.VehicleListCommand@3d1137aa
2021-06-10 14:31 [TRACE]                   Servlet:    72 - Forward address --> /WEB-INF/vehicles.jsp
2021-06-10 14:31 [DEBUG]                   Servlet:    74 - Controller finished, now go to forward address --> /WEB-INF/vehicles.jsp
2021-06-10 14:32 [DEBUG]                   Servlet:    60 - Controller starts
2021-06-10 14:32 [TRACE]                   Servlet:    64 - Request parameter: command --> vehicles
2021-06-10 14:32 [TRACE]                   Servlet:    68 - Obtained command --> com.sgsavch.controller.сommand.vehiclescommands.VehicleListCommand@3d1137aa
2021-06-10 14:32 [TRACE]                   Servlet:    72 - Forward address --> /WEB-INF/vehicles.jsp
2021-06-10 14:32 [DEBUG]                   Servlet:    74 - Controller finished, now go to forward address --> /WEB-INF/vehicles.jsp
2021-06-10 14:32 [DEBUG]                   Servlet:    60 - Controller starts
2021-06-10 14:32 [TRACE]                   Servlet:    64 - Request parameter: command --> vehicles
2021-06-10 14:32 [TRACE]                   Servlet:    68 - Obtained command --> com.sgsavch.controller.сommand.vehiclescommands.VehicleListCommand@3d1137aa
2021-06-10 14:32 [TRACE]                   Servlet:    72 - Forward address --> /WEB-INF/vehicles.jsp
2021-06-10 14:32 [DEBUG]                   Servlet:    74 - Controller finished, now go to forward address --> /WEB-INF/vehicles.jsp
2021-06-10 14:32 [DEBUG]                   Servlet:    60 - Controller starts
2021-06-10 14:32 [TRACE]                   Servlet:    64 - Request parameter: command --> vehicles
2021-06-10 14:32 [TRACE]                   Servlet:    68 - Obtained command --> com.sgsavch.controller.сommand.vehiclescommands.VehicleListCommand@3d1137aa
2021-06-10 14:32 [TRACE]                   Servlet:    72 - Forward address --> /WEB-INF/vehicles.jsp
2021-06-10 14:32 [DEBUG]                   Servlet:    74 - Controller finished, now go to forward address --> /WEB-INF/vehicles.jsp
2021-06-10 14:32 [DEBUG]                   Servlet:    60 - Controller starts
2021-06-10 14:32 [TRACE]                   Servlet:    64 - Request parameter: command --> vehicles
2021-06-10 14:32 [TRACE]                   Servlet:    68 - Obtained command --> com.sgsavch.controller.сommand.vehiclescommands.VehicleListCommand@3d1137aa
2021-06-10 14:32 [TRACE]                   Servlet:    72 - Forward address --> /WEB-INF/vehicles.jsp
2021-06-10 14:32 [DEBUG]                   Servlet:    74 - Controller finished, now go to forward address --> /WEB-INF/vehicles.jsp
2021-06-10 14:33 [DEBUG]                   Servlet:    60 - Controller starts
2021-06-10 14:33 [TRACE]                   Servlet:    64 - Request parameter: command --> index
2021-06-10 14:33 [TRACE]                   Servlet:    68 - Obtained command --> com.sgsavch.controller.сommand.StartCommand@20359b06
2021-06-10 14:33 [TRACE]                   Servlet:    72 - Forward address --> /index.jsp
2021-06-10 14:33 [DEBUG]                   Servlet:    74 - Controller finished, now go to forward address --> /index.jsp
2021-06-10 14:33 [DEBUG]                   Servlet:    60 - Controller starts
2021-06-10 14:33 [TRACE]                   Servlet:    64 - Request parameter: command --> vehicles
2021-06-10 14:33 [TRACE]                   Servlet:    68 - Obtained command --> com.sgsavch.controller.сommand.vehiclescommands.VehicleListCommand@3d1137aa
2021-06-10 14:33 [TRACE]                   Servlet:    72 - Forward address --> /WEB-INF/vehicles.jsp
2021-06-10 14:33 [DEBUG]                   Servlet:    74 - Controller finished, now go to forward address --> /WEB-INF/vehicles.jsp
2021-06-10 14:33 [DEBUG]                   Servlet:    60 - Controller starts
2021-06-10 14:33 [TRACE]                   Servlet:    64 - Request parameter: command --> setPeriod
2021-06-10 14:33 [TRACE]                   Servlet:    68 - Obtained command --> com.sgsavch.controller.сommand.orderscommands.SetPeriodCommand@7fe261c
2021-06-10 14:33 [TRACE]                   Servlet:    72 - Forward address --> /WEB-INF/period.jsp
2021-06-10 14:33 [DEBUG]                   Servlet:    74 - Controller finished, now go to forward address --> /WEB-INF/period.jsp
2021-06-10 14:33 [DEBUG]                   Servlet:    60 - Controller starts
2021-06-10 14:33 [TRACE]                   Servlet:    64 - Request parameter: command --> vehicles
2021-06-10 14:33 [TRACE]                   Servlet:    68 - Obtained command --> com.sgsavch.controller.сommand.vehiclescommands.VehicleListCommand@3d1137aa
2021-06-10 14:33 [TRACE]                   Servlet:    72 - Forward address --> /WEB-INF/vehicles.jsp
2021-06-10 14:33 [DEBUG]                   Servlet:    74 - Controller finished, now go to forward address --> /WEB-INF/vehicles.jsp
2021-06-10 14:33 [DEBUG]                   Servlet:    60 - Controller starts
2021-06-10 14:33 [TRACE]                   Servlet:    64 - Request parameter: command --> setPeriod
2021-06-10 14:33 [TRACE]                   Servlet:    68 - Obtained command --> com.sgsavch.controller.сommand.orderscommands.SetPeriodCommand@7fe261c
2021-06-10 14:33 [TRACE]                   Servlet:    72 - Forward address --> /WEB-INF/period.jsp
2021-06-10 14:33 [DEBUG]                   Servlet:    74 - Controller finished, now go to forward address --> /WEB-INF/period.jsp
2021-06-10 14:33 [DEBUG]                   Servlet:    60 - Controller starts
2021-06-10 14:33 [TRACE]                   Servlet:    64 - Request parameter: command --> vehicles
2021-06-10 14:33 [TRACE]                   Servlet:    68 - Obtained command --> com.sgsavch.controller.сommand.vehiclescommands.VehicleListCommand@3d1137aa
2021-06-10 14:33 [TRACE]                   Servlet:    72 - Forward address --> /WEB-INF/vehicles.jsp
2021-06-10 14:33 [DEBUG]                   Servlet:    74 - Controller finished, now go to forward address --> /WEB-INF/vehicles.jsp
2021-06-10 14:33 [DEBUG]                   Servlet:    60 - Controller starts
2021-06-10 14:33 [TRACE]                   Servlet:    64 - Request parameter: command --> vehicles
2021-06-10 14:33 [TRACE]                   Servlet:    68 - Obtained command --> com.sgsavch.controller.сommand.vehiclescommands.VehicleListCommand@3d1137aa
2021-06-10 14:33 [TRACE]                   Servlet:    72 - Forward address --> /WEB-INF/vehicles.jsp
2021-06-10 14:33 [DEBUG]                   Servlet:    74 - Controller finished, now go to forward address --> /WEB-INF/vehicles.jsp
2021-06-10 14:33 [DEBUG]                   Servlet:    60 - Controller starts
2021-06-10 14:33 [TRACE]                   Servlet:    64 - Request parameter: command --> setPeriod
2021-06-10 14:33 [TRACE]                   Servlet:    68 - Obtained command --> com.sgsavch.controller.сommand.orderscommands.SetPeriodCommand@7fe261c
2021-06-10 14:33 [TRACE]                   Servlet:    72 - Forward address --> /WEB-INF/period.jsp
2021-06-10 14:33 [DEBUG]                   Servlet:    74 - Controller finished, now go to forward address --> /WEB-INF/period.jsp
2021-06-10 14:33 [DEBUG]                   Servlet:    60 - Controller starts
2021-06-10 14:33 [TRACE]                   Servlet:    64 - Request parameter: command --> vehicles
2021-06-10 14:33 [TRACE]                   Servlet:    68 - Obtained command --> com.sgsavch.controller.сommand.vehiclescommands.VehicleListCommand@3d1137aa
2021-06-10 14:33 [TRACE]                   Servlet:    72 - Forward address --> /WEB-INF/vehicles.jsp
2021-06-10 14:33 [DEBUG]                   Servlet:    74 - Controller finished, now go to forward address --> /WEB-INF/vehicles.jsp
2021-06-10 14:33 [DEBUG]                   Servlet:    60 - Controller starts
2021-06-10 14:33 [TRACE]                   Servlet:    64 - Request parameter: command --> vehicles
2021-06-10 14:33 [TRACE]                   Servlet:    68 - Obtained command --> com.sgsavch.controller.сommand.vehiclescommands.VehicleListCommand@3d1137aa
2021-06-10 14:33 [TRACE]                   Servlet:    72 - Forward address --> /WEB-INF/vehicles.jsp
2021-06-10 14:33 [DEBUG]                   Servlet:    74 - Controller finished, now go to forward address --> /WEB-INF/vehicles.jsp
2021-06-10 14:34 [DEBUG]                   Servlet:    60 - Controller starts
2021-06-10 14:34 [TRACE]                   Servlet:    64 - Request parameter: command --> vehicles
2021-06-10 14:34 [TRACE]                   Servlet:    68 - Obtained command --> com.sgsavch.controller.сommand.vehiclescommands.VehicleListCommand@3d1137aa
2021-06-10 14:34 [TRACE]                   Servlet:    72 - Forward address --> /WEB-INF/vehicles.jsp
2021-06-10 14:34 [DEBUG]                   Servlet:    74 - Controller finished, now go to forward address --> /WEB-INF/vehicles.jsp
2021-06-10 14:34 [DEBUG]                   Servlet:    60 - Controller starts
2021-06-10 14:34 [TRACE]                   Servlet:    64 - Request parameter: command --> vehicles
2021-06-10 14:34 [TRACE]                   Servlet:    68 - Obtained command --> com.sgsavch.controller.сommand.vehiclescommands.VehicleListCommand@3d1137aa
2021-06-10 14:34 [TRACE]                   Servlet:    72 - Forward address --> /WEB-INF/vehicles.jsp
2021-06-10 14:34 [DEBUG]                   Servlet:    74 - Controller finished, now go to forward address --> /WEB-INF/vehicles.jsp
2021-06-10 14:34 [DEBUG]                   Servlet:    60 - Controller starts
2021-06-10 14:34 [TRACE]                   Servlet:    64 - Request parameter: command --> index
2021-06-10 14:34 [TRACE]                   Servlet:    68 - Obtained command --> com.sgsavch.controller.сommand.StartCommand@20359b06
2021-06-10 14:34 [TRACE]                   Servlet:    72 - Forward address --> /index.jsp
2021-06-10 14:34 [DEBUG]                   Servlet:    74 - Controller finished, now go to forward address --> /index.jsp
2021-06-10 14:34 [DEBUG]                   Servlet:    60 - Controller starts
2021-06-10 14:34 [TRACE]                   Servlet:    64 - Request parameter: command --> vehicles
2021-06-10 14:34 [TRACE]                   Servlet:    68 - Obtained command --> com.sgsavch.controller.сommand.vehiclescommands.VehicleListCommand@3d1137aa
2021-06-10 14:34 [TRACE]                   Servlet:    72 - Forward address --> /WEB-INF/vehicles.jsp
2021-06-10 14:34 [DEBUG]                   Servlet:    74 - Controller finished, now go to forward address --> /WEB-INF/vehicles.jsp
